<?xml version="1.0" encoding="UTF-8"?>
<!-- Generated by org.testng.reporters.JUnitReportReporter -->
<testsuite hostname="LIN41005932" failures="0" tests="4" name="testrunner.ProductDetails_TestRunner_3" time="185.750" errors="0" timestamp="2023-06-08T14:04:20 IST" skipped="0">
  <testcase classname="testrunner.ProductDetails_TestRunner_3" name="runScenario" time="47.903"/>
  <system-out/>
  <testcase classname="testrunner.ProductDetails_TestRunner_3" name="runScenario" time="47.261"/>
  <system-out/>
  <testcase classname="testrunner.ProductDetails_TestRunner_3" name="runScenario" time="43.648"/>
  <system-out/>
  <testcase classname="testrunner.ProductDetails_TestRunner_3" name="runScenario" time="46.938"/>
  <system-out/>
</testsuite> <!-- testrunner.ProductDetails_TestRunner_3 -->
