<?xml version="1.0" encoding="UTF-8"?>
<!-- Generated by org.testng.reporters.JUnitReportReporter -->
<testsuite hostname="LIN41005932" failures="0" tests="3" name="testrunner.ProductDetails_TestRunner_1" time="123.349" errors="0" timestamp="2023-06-08T14:04:20 IST" skipped="0">
  <testcase classname="testrunner.ProductDetails_TestRunner_1" name="runScenario" time="34.217"/>
  <system-out/>
  <testcase classname="testrunner.ProductDetails_TestRunner_1" name="runScenario" time="51.446"/>
  <system-out/>
  <testcase classname="testrunner.ProductDetails_TestRunner_1" name="runScenario" time="37.686"/>
  <system-out/>
</testsuite> <!-- testrunner.ProductDetails_TestRunner_1 -->
