<?xml version="1.0" encoding="UTF-8"?>
<!-- Generated by org.testng.reporters.JUnitReportReporter -->
<testsuite hostname="LIN41005932" failures="0" tests="4" name="testrunner.ProductDetails_TestRunner_2" time="188.950" errors="0" timestamp="2023-06-08T14:04:20 IST" skipped="0">
  <testcase classname="testrunner.ProductDetails_TestRunner_2" name="runScenario" time="46.524"/>
  <system-out/>
  <testcase classname="testrunner.ProductDetails_TestRunner_2" name="runScenario" time="45.766"/>
  <system-out/>
  <testcase classname="testrunner.ProductDetails_TestRunner_2" name="runScenario" time="48.975"/>
  <system-out/>
  <testcase classname="testrunner.ProductDetails_TestRunner_2" name="runScenario" time="47.685"/>
  <system-out/>
</testsuite> <!-- testrunner.ProductDetails_TestRunner_2 -->
