<?xml version="1.0" encoding="UTF-8"?>
<!-- Generated by org.testng.reporters.JUnitReportReporter -->
<testsuite hostname="LIN41005932" failures="0" tests="3" name="testrunner.ProductDetails_TestRunner_1" time="196.153" errors="0" timestamp="2023-06-07T20:57:11 IST" skipped="0">
  <testcase classname="testrunner.ProductDetails_TestRunner_1" name="runScenario" time="42.911"/>
  <system-out/>
  <testcase classname="testrunner.ProductDetails_TestRunner_1" name="runScenario" time="86.381"/>
  <system-out/>
  <testcase classname="testrunner.ProductDetails_TestRunner_1" name="runScenario" time="66.861"/>
  <system-out/>
</testsuite> <!-- testrunner.ProductDetails_TestRunner_1 -->
