<?xml version="1.0" encoding="UTF-8"?>
<!-- Generated by org.testng.reporters.JUnitReportReporter -->
<testsuite hostname="LIN41005932" failures="0" tests="4" name="testrunner.ProductDetails_TestRunner_3" time="262.259" errors="0" timestamp="2023-06-07T18:28:12 IST" skipped="0">
  <testcase classname="testrunner.ProductDetails_TestRunner_3" name="runScenario" time="70.464"/>
  <system-out/>
  <testcase classname="testrunner.ProductDetails_TestRunner_3" name="runScenario" time="64.799"/>
  <system-out/>
  <testcase classname="testrunner.ProductDetails_TestRunner_3" name="runScenario" time="68.507"/>
  <system-out/>
  <testcase classname="testrunner.ProductDetails_TestRunner_3" name="runScenario" time="58.489"/>
  <system-out/>
</testsuite> <!-- testrunner.ProductDetails_TestRunner_3 -->
