<?xml version="1.0" encoding="UTF-8"?>
<!-- Generated by org.testng.reporters.JUnitReportReporter -->
<testsuite hostname="LIN41005932" failures="0" tests="4" name="testrunner.ProductDetails_TestRunner_2" time="267.983" errors="0" timestamp="2023-06-07T18:28:12 IST" skipped="0">
  <testcase classname="testrunner.ProductDetails_TestRunner_2" name="runScenario" time="71.194"/>
  <system-out/>
  <testcase classname="testrunner.ProductDetails_TestRunner_2" name="runScenario" time="63.236"/>
  <system-out/>
  <testcase classname="testrunner.ProductDetails_TestRunner_2" name="runScenario" time="66.072"/>
  <system-out/>
  <testcase classname="testrunner.ProductDetails_TestRunner_2" name="runScenario" time="67.481"/>
  <system-out/>
</testsuite> <!-- testrunner.ProductDetails_TestRunner_2 -->
