<?xml version="1.0" encoding="UTF-8"?>
<!-- Generated by org.testng.reporters.JUnitReportReporter -->
<testsuite hostname="LIN41005932" failures="0" tests="4" name="testrunner.ProductDetails_TestRunner_2" time="209.390" errors="0" timestamp="2023-06-08T14:52:46 IST" skipped="0">
  <testcase classname="testrunner.ProductDetails_TestRunner_2" name="runScenario" time="46.986"/>
  <system-out/>
  <testcase classname="testrunner.ProductDetails_TestRunner_2" name="runScenario" time="53.886"/>
  <system-out/>
  <testcase classname="testrunner.ProductDetails_TestRunner_2" name="runScenario" time="55.748"/>
  <system-out/>
  <testcase classname="testrunner.ProductDetails_TestRunner_2" name="runScenario" time="52.770"/>
  <system-out/>
</testsuite> <!-- testrunner.ProductDetails_TestRunner_2 -->
