<?xml version="1.0" encoding="UTF-8"?>
<!-- Generated by org.testng.reporters.JUnitReportReporter -->
<testsuite hostname="LIN41005932" failures="0" tests="4" name="testrunner.ProductDetails_TestRunner_3" time="202.832" errors="0" timestamp="2023-06-08T14:52:46 IST" skipped="0">
  <testcase classname="testrunner.ProductDetails_TestRunner_3" name="runScenario" time="48.996"/>
  <system-out/>
  <testcase classname="testrunner.ProductDetails_TestRunner_3" name="runScenario" time="52.698"/>
  <system-out/>
  <testcase classname="testrunner.ProductDetails_TestRunner_3" name="runScenario" time="44.461"/>
  <system-out/>
  <testcase classname="testrunner.ProductDetails_TestRunner_3" name="runScenario" time="56.677"/>
  <system-out/>
</testsuite> <!-- testrunner.ProductDetails_TestRunner_3 -->
