<?xml version="1.0" encoding="UTF-8"?>
<!-- Generated by org.testng.reporters.JUnitReportReporter -->
<testsuite hostname="LIN41005932" failures="0" tests="3" name="testrunner.ProductDetails_TestRunner_1" time="125.797" errors="0" timestamp="2023-06-08T11:54:26 IST" skipped="0">
  <testcase classname="testrunner.ProductDetails_TestRunner_1" name="runScenario" time="49.200"/>
  <system-out/>
  <testcase classname="testrunner.ProductDetails_TestRunner_1" name="runScenario" time="29.620"/>
  <system-out/>
  <testcase classname="testrunner.ProductDetails_TestRunner_1" name="runScenario" time="46.977"/>
  <system-out/>
</testsuite> <!-- testrunner.ProductDetails_TestRunner_1 -->
