<?xml version="1.0" encoding="UTF-8"?>
<!-- Generated by org.testng.reporters.JUnitReportReporter -->
<testsuite hostname="LIN41005932" failures="0" tests="3" name="testrunner.ProductDetails_TestRunner_1" time="102.902" errors="0" timestamp="2023-06-03T20:15:33 IST" skipped="0">
  <testcase classname="testrunner.ProductDetails_TestRunner_1" name="runScenario" time="34.153"/>
  <system-out/>
  <testcase classname="testrunner.ProductDetails_TestRunner_1" name="runScenario" time="25.558"/>
  <system-out/>
  <testcase classname="testrunner.ProductDetails_TestRunner_1" name="runScenario" time="43.191"/>
  <system-out/>
</testsuite> <!-- testrunner.ProductDetails_TestRunner_1 -->
