<?xml version="1.0" encoding="UTF-8"?>
<!-- Generated by org.testng.reporters.JUnitReportReporter -->
<testsuite hostname="LIN41005932" failures="0" tests="3" name="testrunner.ProductDetails_TestRunner_1" time="132.359" errors="0" timestamp="2023-06-08T14:52:46 IST" skipped="0">
  <testcase classname="testrunner.ProductDetails_TestRunner_1" name="runScenario" time="34.426"/>
  <system-out/>
  <testcase classname="testrunner.ProductDetails_TestRunner_1" name="runScenario" time="56.044"/>
  <system-out/>
  <testcase classname="testrunner.ProductDetails_TestRunner_1" name="runScenario" time="41.889"/>
  <system-out/>
</testsuite> <!-- testrunner.ProductDetails_TestRunner_1 -->
