<?xml version="1.0" encoding="UTF-8"?>
<!-- Generated by org.testng.reporters.JUnitReportReporter -->
<testsuite hostname="LIN41005932" failures="0" tests="4" name="testrunner.ProductDetails_TestRunner_2" time="187.697" errors="0" timestamp="2023-06-03T20:15:33 IST" skipped="0">
  <testcase classname="testrunner.ProductDetails_TestRunner_2" name="runScenario" time="43.402"/>
  <system-out/>
  <testcase classname="testrunner.ProductDetails_TestRunner_2" name="runScenario" time="43.108"/>
  <system-out/>
  <testcase classname="testrunner.ProductDetails_TestRunner_2" name="runScenario" time="45.515"/>
  <system-out/>
  <testcase classname="testrunner.ProductDetails_TestRunner_2" name="runScenario" time="55.672"/>
  <system-out/>
</testsuite> <!-- testrunner.ProductDetails_TestRunner_2 -->
